C:\Program Files (x86)\Microsoft Visual Studio\2019\Community\MSBuild\Microsoft\VC\v160\Microsoft.CppBuild.targets(513,5): warning MSB8028: The intermediate directory (x64\Debug\) contains files shared from another project (Proj2.vcxproj).  This can lead to incorrect clean and rebuild behavior.
  main.cpp
D:\code\c++\Proj2\Proj2\People.h(31,44): warning C4042: 'posY': has bad storage class
D:\code\c++\Proj2\Proj2\main.cpp(13,10): warning C4838: conversion from 'int' to 'const char' requires a narrowing conversion
D:\code\c++\Proj2\Proj2\main.cpp(13,10): warning C4309: 'initializing': truncation of constant value
D:\code\c++\Proj2\Proj2\main.cpp(13,31): warning C4838: conversion from 'int' to 'const char' requires a narrowing conversion
D:\code\c++\Proj2\Proj2\main.cpp(13,31): warning C4309: 'initializing': truncation of constant value
D:\code\c++\Proj2\Proj2\main.cpp(15,10): warning C4838: conversion from 'int' to 'const char' requires a narrowing conversion
D:\code\c++\Proj2\Proj2\main.cpp(15,10): warning C4309: 'initializing': truncation of constant value
D:\code\c++\Proj2\Proj2\main.cpp(15,18): warning C4838: conversion from 'int' to 'const char' requires a narrowing conversion
D:\code\c++\Proj2\Proj2\main.cpp(15,18): warning C4309: 'initializing': truncation of constant value
D:\code\c++\Proj2\Proj2\main.cpp(15,28): warning C4838: conversion from 'int' to 'const char' requires a narrowing conversion
D:\code\c++\Proj2\Proj2\main.cpp(15,28): warning C4309: 'initializing': truncation of constant value
D:\code\c++\Proj2\Proj2\main.cpp(15,33): warning C4838: conversion from 'int' to 'const char' requires a narrowing conversion
D:\code\c++\Proj2\Proj2\main.cpp(15,33): warning C4309: 'initializing': truncation of constant value
D:\code\c++\Proj2\Proj2\main.cpp(19,6): warning C4838: conversion from 'int' to 'const char' requires a narrowing conversion
D:\code\c++\Proj2\Proj2\main.cpp(19,6): warning C4309: 'initializing': truncation of constant value
D:\code\c++\Proj2\Proj2\main.cpp(19,10): warning C4838: conversion from 'int' to 'const char' requires a narrowing conversion
D:\code\c++\Proj2\Proj2\main.cpp(19,10): warning C4309: 'initializing': truncation of constant value
D:\code\c++\Proj2\Proj2\main.cpp(19,14): warning C4838: conversion from 'int' to 'const char' requires a narrowing conversion
D:\code\c++\Proj2\Proj2\main.cpp(19,14): warning C4309: 'initializing': truncation of constant value
D:\code\c++\Proj2\Proj2\main.cpp(19,18): warning C4838: conversion from 'int' to 'const char' requires a narrowing conversion
D:\code\c++\Proj2\Proj2\main.cpp(19,18): warning C4309: 'initializing': truncation of constant value
D:\code\c++\Proj2\Proj2\main.cpp(19,22): warning C4838: conversion from 'int' to 'const char' requires a narrowing conversion
D:\code\c++\Proj2\Proj2\main.cpp(19,22): warning C4309: 'initializing': truncation of constant value
D:\code\c++\Proj2\Proj2\main.cpp(20,6): warning C4838: conversion from 'int' to 'const char' requires a narrowing conversion
D:\code\c++\Proj2\Proj2\main.cpp(20,6): warning C4309: 'initializing': truncation of constant value
D:\code\c++\Proj2\Proj2\main.cpp(20,10): warning C4838: conversion from 'int' to 'const char' requires a narrowing conversion
D:\code\c++\Proj2\Proj2\main.cpp(20,10): warning C4309: 'initializing': truncation of constant value
D:\code\c++\Proj2\Proj2\main.cpp(20,14): warning C4838: conversion from 'int' to 'const char' requires a narrowing conversion
D:\code\c++\Proj2\Proj2\main.cpp(20,14): warning C4309: 'initializing': truncation of constant value
D:\code\c++\Proj2\Proj2\main.cpp(20,18): warning C4838: conversion from 'int' to 'const char' requires a narrowing conversion
D:\code\c++\Proj2\Proj2\main.cpp(20,18): warning C4309: 'initializing': truncation of constant value
D:\code\c++\Proj2\Proj2\main.cpp(20,22): warning C4838: conversion from 'int' to 'const char' requires a narrowing conversion
D:\code\c++\Proj2\Proj2\main.cpp(20,22): warning C4309: 'initializing': truncation of constant value
D:\code\c++\Proj2\Proj2\main.cpp(21,6): warning C4838: conversion from 'int' to 'const char' requires a narrowing conversion
D:\code\c++\Proj2\Proj2\main.cpp(21,6): warning C4309: 'initializing': truncation of constant value
D:\code\c++\Proj2\Proj2\main.cpp(21,14): warning C4838: conversion from 'int' to 'const char' requires a narrowing conversion
D:\code\c++\Proj2\Proj2\main.cpp(21,14): warning C4309: 'initializing': truncation of constant value
D:\code\c++\Proj2\Proj2\main.cpp(21,22): warning C4838: conversion from 'int' to 'const char' requires a narrowing conversion
D:\code\c++\Proj2\Proj2\main.cpp(21,22): warning C4309: 'initializing': truncation of constant value
D:\code\c++\Proj2\Proj2\main.cpp(25,6): warning C4838: conversion from 'int' to 'const char' requires a narrowing conversion
D:\code\c++\Proj2\Proj2\main.cpp(25,6): warning C4309: 'initializing': truncation of constant value
D:\code\c++\Proj2\Proj2\main.cpp(25,14): warning C4838: conversion from 'int' to 'const char' requires a narrowing conversion
D:\code\c++\Proj2\Proj2\main.cpp(25,14): warning C4309: 'initializing': truncation of constant value
D:\code\c++\Proj2\Proj2\main.cpp(26,10): warning C4838: conversion from 'int' to 'const char' requires a narrowing conversion
D:\code\c++\Proj2\Proj2\main.cpp(26,10): warning C4309: 'initializing': truncation of constant value
D:\code\c++\Proj2\Proj2\main.cpp(30,22): warning C4838: conversion from 'int' to 'const char' requires a narrowing conversion
D:\code\c++\Proj2\Proj2\main.cpp(30,22): warning C4309: 'initializing': truncation of constant value
D:\code\c++\Proj2\Proj2\main.cpp(31,6): warning C4838: conversion from 'int' to 'const char' requires a narrowing conversion
D:\code\c++\Proj2\Proj2\main.cpp(31,6): warning C4309: 'initializing': truncation of constant value
D:\code\c++\Proj2\Proj2\main.cpp(31,10): warning C4838: conversion from 'int' to 'const char' requires a narrowing conversion
D:\code\c++\Proj2\Proj2\main.cpp(31,10): warning C4309: 'initializing': truncation of constant value
D:\code\c++\Proj2\Proj2\main.cpp(31,14): warning C4838: conversion from 'int' to 'const char' requires a narrowing conversion
D:\code\c++\Proj2\Proj2\main.cpp(31,14): warning C4309: 'initializing': truncation of constant value
D:\code\c++\Proj2\Proj2\main.cpp(31,18): warning C4838: conversion from 'int' to 'const char' requires a narrowing conversion
D:\code\c++\Proj2\Proj2\main.cpp(31,18): warning C4309: 'initializing': truncation of constant value
D:\code\c++\Proj2\Proj2\main.cpp(31,23): warning C4838: conversion from 'int' to 'const char' requires a narrowing conversion
D:\code\c++\Proj2\Proj2\main.cpp(31,23): warning C4309: 'initializing': truncation of constant value
D:\code\c++\Proj2\Proj2\main.cpp(36,11): warning C4838: conversion from 'int' to 'const char' requires a narrowing conversion
D:\code\c++\Proj2\Proj2\main.cpp(36,11): warning C4309: 'initializing': truncation of constant value
D:\code\c++\Proj2\Proj2\main.cpp(37,10): warning C4838: conversion from 'int' to 'const char' requires a narrowing conversion
D:\code\c++\Proj2\Proj2\main.cpp(37,10): warning C4309: 'initializing': truncation of constant value
D:\code\c++\Proj2\Proj2\main.cpp(259,9): warning C4101: 'temp': unreferenced local variable
  Proj2.vcxproj -> D:\code\c++\Proj2\x64\Debug\CrossingStreet.exe
